#
# There is insufficient memory for the Java Runtime Environment to continue.
# Native memory allocation (malloc) failed to allocate 1528336 bytes for Chunk::new
# Possible reasons:
#   The system is out of physical RAM or swap space
#   In 32 bit mode, the process size limit was hit
# Possible solutions:
#   Reduce memory load on the system
#   Increase physical memory or swap space
#   Check if swap backing store is full
#   Use 64 bit Java on a 64 bit OS
#   Decrease Java heap size (-Xmx/-Xms)
#   Decrease number of Java threads
#   Decrease Java thread stack sizes (-Xss)
#   Set larger code cache with -XX:ReservedCodeCacheSize=
# This output file may be truncated or incomplete.
#
#  Out of Memory Error (allocation.cpp:390), pid=6832, tid=9352
#
# JRE version: Java(TM) SE Runtime Environment (8.0_45-b15) (build 1.8.0_45-b15)
# Java VM: Java HotSpot(TM) 64-Bit Server VM (25.45-b02 mixed mode windows-amd64 compressed oops)
# Failed to write core dump. Minidumps are not enabled by default on client versions of Windows
#

---------------  T H R E A D  ---------------

Current thread (0x000000001c4ea800):  JavaThread "C2 CompilerThread0" daemon [_thread_in_native, id=9352, stack(0x000000001d9f0000,0x000000001daf0000)]

Stack: [0x000000001d9f0000,0x000000001daf0000]
Native frames: (J=compiled Java code, j=interpreted, Vv=VM code, C=native code)
V  [jvm.dll+0x32b57a]
V  [jvm.dll+0x279873]
V  [jvm.dll+0x27a509]
V  [jvm.dll+0x271825]
V  [jvm.dll+0xcb9e2]
V  [jvm.dll+0xcbeac]
V  [jvm.dll+0x49298c]
V  [jvm.dll+0x45f6ff]
V  [jvm.dll+0x46a73b]
V  [jvm.dll+0x46cd52]
V  [jvm.dll+0x4500f2]
V  [jvm.dll+0xa4352]
V  [jvm.dll+0xa4c8f]
V  [jvm.dll+0x241984]
V  [jvm.dll+0x29853a]
C  [msvcr100.dll+0x21d9f]
C  [msvcr100.dll+0x21e3b]
C  [KERNEL32.DLL+0x16ad]
C  [ntdll.dll+0x54409]


Current CompileTask:
C2:  47293 3008   !   4       com.android.dx.dex.cf.CfTranslator::processMethods (583 bytes)


---------------  P R O C E S S  ---------------

Java Threads: ( => current thread )
  0x000000001de73800 JavaThread "pool-2-thread-4" [_thread_in_Java, id=3408, stack(0x000000001fec0000,0x000000001ffc0000)]
  0x000000001de72000 JavaThread "pool-2-thread-3" [_thread_in_Java, id=8568, stack(0x000000001fdc0000,0x000000001fec0000)]
  0x000000001de6f800 JavaThread "pool-2-thread-2" [_thread_in_Java, id=11248, stack(0x000000001fcc0000,0x000000001fdc0000)]
  0x000000001de72800 JavaThread "pool-3-thread-1" [_thread_blocked, id=11852, stack(0x000000001fbc0000,0x000000001fcc0000)]
  0x000000001de70800 JavaThread "pool-2-thread-1" [_thread_blocked, id=9344, stack(0x000000001fac0000,0x000000001fbc0000)]
  0x000000001db7d000 JavaThread "Service Thread" daemon [_thread_blocked, id=14248, stack(0x000000001e0f0000,0x000000001e1f0000)]
  0x000000001daf7000 JavaThread "C1 CompilerThread2" daemon [_thread_blocked, id=17984, stack(0x000000001dff0000,0x000000001e0f0000)]
  0x000000001daf2000 JavaThread "C2 CompilerThread1" daemon [_thread_blocked, id=15952, stack(0x000000001def0000,0x000000001dff0000)]
=>0x000000001c4ea800 JavaThread "C2 CompilerThread0" daemon [_thread_in_native, id=9352, stack(0x000000001d9f0000,0x000000001daf0000)]
  0x000000001c49e000 JavaThread "Attach Listener" daemon [_thread_blocked, id=192, stack(0x000000001d8f0000,0x000000001d9f0000)]
  0x000000001c487000 JavaThread "Signal Dispatcher" daemon [_thread_blocked, id=14436, stack(0x000000001d7f0000,0x000000001d8f0000)]
  0x0000000002db6000 JavaThread "Finalizer" daemon [_thread_blocked, id=16516, stack(0x000000001d6f0000,0x000000001d7f0000)]
  0x0000000002dad000 JavaThread "Reference Handler" daemon [_thread_blocked, id=2104, stack(0x000000001d5f0000,0x000000001d6f0000)]
  0x0000000002cc0800 JavaThread "main" [_thread_in_Java, id=11156, stack(0x0000000002800000,0x0000000002900000)]

Other Threads:
  0x000000001c457800 VMThread [stack: 0x000000001d4f0000,0x000000001d5f0000] [id=9956]
  0x000000001db98000 WatcherThread [stack: 0x000000001e1f0000,0x000000001e2f0000] [id=2492]

VM state:not at safepoint (normal execution)

VM Mutex/Monitor currently owned by a thread: None

Heap:
 PSYoungGen      total 761856K, used 660789K [0x000000076ab00000, 0x00000007b1080000, 0x00000007c0000000)
  eden space 512512K, 92% used [0x000000076ab00000,0x0000000787ac8840,0x0000000789f80000)
  from space 249344K, 74% used [0x0000000789f80000,0x0000000795504dd0,0x0000000799300000)
  to   space 268288K, 0% used [0x00000007a0a80000,0x00000007a0a80000,0x00000007b1080000)
 ParOldGen       total 654336K, used 422829K [0x00000006c0000000, 0x00000006e7f00000, 0x000000076ab00000)
  object space 654336K, 64% used [0x00000006c0000000,0x00000006d9ceb728,0x00000006e7f00000)
 Metaspace       used 6499K, capacity 7288K, committed 7552K, reserved 1056768K
  class space    used 615K, capacity 624K, committed 640K, reserved 1048576K

Card table byte_map: [0x0000000012180000,0x0000000012990000] byte_map_base: 0x000000000eb80000

Marking Bits: (ParMarkBitMap*) 0x000000005c3c4040
 Begin Bits: [0x00000000132f0000, 0x00000000172f0000)
 End Bits:   [0x00000000172f0000, 0x000000001b2f0000)

Polling page: 0x0000000000f40000

CodeCache: size=245760Kb used=13896Kb max_used=14094Kb free=231863Kb
 bounds [0x0000000002dc0000, 0x0000000003ba0000, 0x0000000011dc0000]
 total_blobs=2779 nmethods=2507 adapters=184
 compilation: enabled

Compilation events (10 events):
Event: 47.155 Thread 0x000000001daf2000 3021   !   4       java.util.zip.Inflater::reset (69 bytes)
Event: 47.159 Thread 0x000000001daf2000 nmethod 3021 0x00000000036ab0d0 code [0x00000000036ab220, 0x00000000036ab5e8]
Event: 47.159 Thread 0x000000001daf2000 3022       4       java.util.ArrayDeque::add (7 bytes)
Event: 47.162 Thread 0x000000001daf2000 nmethod 3022 0x00000000036aacd0 code [0x00000000036aae20, 0x00000000036aaf58]
Event: 47.206 Thread 0x000000001daf7000 3024       3       com.android.dx.ssa.back.FirstFitLocalCombiningAllocator::fitPlanForRange (250 bytes)
Event: 47.211 Thread 0x000000001daf7000 nmethod 3024 0x00000000037aed50 code [0x00000000037af100, 0x00000000037b14c8]
Event: 47.211 Thread 0x000000001daf7000 3023 %     3       com.android.dx.ssa.back.FirstFitLocalCombiningAllocator::rangeContainsReserved @ 2 (30 bytes)
Event: 47.212 Thread 0x000000001daf7000 nmethod 3023% 0x00000000037ae750 code [0x00000000037ae8c0, 0x00000000037aebe8]
Event: 47.216 Thread 0x000000001daf7000 3025       3       com.android.dx.cf.attrib.AttRuntimeInvisibleAnnotations::<init> (9 bytes)
Event: 47.217 Thread 0x000000001daf7000 nmethod 3025 0x00000000036aa550 code [0x00000000036aa6c0, 0x00000000036aa868]

GC Heap History (10 events):
Event: 32.745 GC heap before
{Heap before GC invocations=14 (full 2):
 PSYoungGen      total 555008K, used 554987K [0x000000076ab00000, 0x000000079bb00000, 0x00000007c0000000)
  eden space 436224K, 100% used [0x000000076ab00000,0x0000000785500000,0x0000000785500000)
  from space 118784K, 99% used [0x0000000785500000,0x000000078c8facd0,0x000000078c900000)
  to   space 144896K, 0% used [0x0000000792d80000,0x0000000792d80000,0x000000079bb00000)
 ParOldGen       total 420352K, used 262850K [0x00000006c0000000, 0x00000006d9a80000, 0x000000076ab00000)
  object space 420352K, 62% used [0x00000006c0000000,0x00000006d00b0bc8,0x00000006d9a80000)
 Metaspace       used 6488K, capacity 7288K, committed 7552K, reserved 1056768K
  class space    used 615K, capacity 624K, committed 640K, reserved 1048576K
Event: 33.413 GC heap after
Heap after GC invocations=14 (full 2):
 PSYoungGen      total 596480K, used 144886K [0x000000076ab00000, 0x00000007a4b00000, 0x00000007c0000000)
  eden space 451584K, 0% used [0x000000076ab00000,0x000000076ab00000,0x0000000786400000)
  from space 144896K, 99% used [0x0000000792d80000,0x000000079bafd918,0x000000079bb00000)
  to   space 206336K, 0% used [0x0000000786400000,0x0000000786400000,0x0000000792d80000)
 ParOldGen       total 420352K, used 362444K [0x00000006c0000000, 0x00000006d9a80000, 0x000000076ab00000)
  object space 420352K, 86% used [0x00000006c0000000,0x00000006d61f3360,0x00000006d9a80000)
 Metaspace       used 6488K, capacity 7288K, committed 7552K, reserved 1056768K
  class space    used 615K, capacity 624K, committed 640K, reserved 1048576K
}
Event: 33.413 GC heap before
{Heap before GC invocations=15 (full 3):
 PSYoungGen      total 596480K, used 144886K [0x000000076ab00000, 0x00000007a4b00000, 0x00000007c0000000)
  eden space 451584K, 0% used [0x000000076ab00000,0x000000076ab00000,0x0000000786400000)
  from space 144896K, 99% used [0x0000000792d80000,0x000000079bafd918,0x000000079bb00000)
  to   space 206336K, 0% used [0x0000000786400000,0x0000000786400000,0x0000000792d80000)
 ParOldGen       total 420352K, used 362444K [0x00000006c0000000, 0x00000006d9a80000, 0x000000076ab00000)
  object space 420352K, 86% used [0x00000006c0000000,0x00000006d61f3360,0x00000006d9a80000)
 Metaspace       used 6488K, capacity 7288K, committed 7552K, reserved 1056768K
  class space    used 615K, capacity 624K, committed 640K, reserved 1048576K
Event: 36.172 GC heap after
Heap after GC invocations=15 (full 3):
 PSYoungGen      total 596480K, used 2526K [0x000000076ab00000, 0x00000007a4b00000, 0x00000007c0000000)
  eden space 451584K, 0% used [0x000000076ab00000,0x000000076ab00000,0x0000000786400000)
  from space 144896K, 1% used [0x0000000792d80000,0x0000000792ff7a38,0x000000079bb00000)
  to   space 206336K, 0% used [0x0000000786400000,0x0000000786400000,0x0000000792d80000)
 ParOldGen       total 654336K, used 420195K [0x00000006c0000000, 0x00000006e7f00000, 0x000000076ab00000)
  object space 654336K, 64% used [0x00000006c0000000,0x00000006d9a58f78,0x00000006e7f00000)
 Metaspace       used 6488K, capacity 7288K, committed 7552K, reserved 1056768K
  class space    used 615K, capacity 624K, committed 640K, reserved 1048576K
}
Event: 39.994 GC heap before
{Heap before GC invocations=16 (full 3):
 PSYoungGen      total 596480K, used 454110K [0x000000076ab00000, 0x00000007a4b00000, 0x00000007c0000000)
  eden space 451584K, 100% used [0x000000076ab00000,0x0000000786400000,0x0000000786400000)
  from space 144896K, 1% used [0x0000000792d80000,0x0000000792ff7a38,0x000000079bb00000)
  to   space 206336K, 0% used [0x0000000786400000,0x0000000786400000,0x0000000792d80000)
 ParOldGen       total 654336K, used 420195K [0x00000006c0000000, 0x00000006e7f00000, 0x000000076ab00000)
  object space 654336K, 64% used [0x00000006c0000000,0x00000006d9a58f78,0x00000006e7f00000)
 Metaspace       used 6488K, capacity 7288K, committed 7552K, reserved 1056768K
  class space    used 615K, capacity 624K, committed 640K, reserved 1048576K
Event: 40.309 GC heap after
Heap after GC invocations=16 (full 3):
 PSYoungGen      total 657920K, used 168850K [0x000000076ab00000, 0x00000007a7200000, 0x00000007c0000000)
  eden space 451584K, 0% used [0x000000076ab00000,0x000000076ab00000,0x0000000786400000)
  from space 206336K, 81% used [0x0000000786400000,0x00000007908e4978,0x0000000792d80000)
  to   space 228352K, 0% used [0x0000000799300000,0x0000000799300000,0x00000007a7200000)
 ParOldGen       total 654336K, used 422821K [0x00000006c0000000, 0x00000006e7f00000, 0x000000076ab00000)
  object space 654336K, 64% used [0x00000006c0000000,0x00000006d9ce9728,0x00000006e7f00000)
 Metaspace       used 6488K, capacity 7288K, committed 7552K, reserved 1056768K
  class space    used 615K, capacity 624K, committed 640K, reserved 1048576K
}
Event: 42.987 GC heap before
{Heap before GC invocations=17 (full 3):
 PSYoungGen      total 657920K, used 620434K [0x000000076ab00000, 0x00000007a7200000, 0x00000007c0000000)
  eden space 451584K, 100% used [0x000000076ab00000,0x0000000786400000,0x0000000786400000)
  from space 206336K, 81% used [0x0000000786400000,0x00000007908e4978,0x0000000792d80000)
  to   space 228352K, 0% used [0x0000000799300000,0x0000000799300000,0x00000007a7200000)
 ParOldGen       total 654336K, used 422821K [0x00000006c0000000, 0x00000006e7f00000, 0x000000076ab00000)
  object space 654336K, 64% used [0x00000006c0000000,0x00000006d9ce9728,0x00000006e7f00000)
 Metaspace       used 6488K, capacity 7288K, committed 7552K, reserved 1056768K
  class space    used 615K, capacity 624K, committed 640K, reserved 1048576K
Event: 43.300 GC heap after
Heap after GC invocations=17 (full 3):
 PSYoungGen      total 740864K, used 178763K [0x000000076ab00000, 0x00000007a9c00000, 0x00000007c0000000)
  eden space 512512K, 0% used [0x000000076ab00000,0x000000076ab00000,0x0000000789f80000)
  from space 228352K, 78% used [0x0000000799300000,0x00000007a4192f10,0x00000007a7200000)
  to   space 249344K, 0% used [0x0000000789f80000,0x0000000789f80000,0x0000000799300000)
 ParOldGen       total 654336K, used 422821K [0x00000006c0000000, 0x00000006e7f00000, 0x000000076ab00000)
  object space 654336K, 64% used [0x00000006c0000000,0x00000006d9ce9728,0x00000006e7f00000)
 Metaspace       used 6488K, capacity 7288K, committed 7552K, reserved 1056768K
  class space    used 615K, capacity 624K, committed 640K, reserved 1048576K
}
Event: 45.601 GC heap before
{Heap before GC invocations=18 (full 3):
 PSYoungGen      total 740864K, used 691275K [0x000000076ab00000, 0x00000007a9c00000, 0x00000007c0000000)
  eden space 512512K, 100% used [0x000000076ab00000,0x0000000789f80000,0x0000000789f80000)
  from space 228352K, 78% used [0x0000000799300000,0x00000007a4192f10,0x00000007a7200000)
  to   space 249344K, 0% used [0x0000000789f80000,0x0000000789f80000,0x0000000799300000)
 ParOldGen       total 654336K, used 422821K [0x00000006c0000000, 0x00000006e7f00000, 0x000000076ab00000)
  object space 654336K, 64% used [0x00000006c0000000,0x00000006d9ce9728,0x00000006e7f00000)
 Metaspace       used 6496K, capacity 7288K, committed 7552K, reserved 1056768K
  class space    used 615K, capacity 624K, committed 640K, reserved 1048576K
Event: 46.048 GC heap after
Heap after GC invocations=18 (full 3):
 PSYoungGen      total 761856K, used 185875K [0x000000076ab00000, 0x00000007b1080000, 0x00000007c0000000)
  eden space 512512K, 0% used [0x000000076ab00000,0x000000076ab00000,0x0000000789f80000)
  from space 249344K, 74% used [0x0000000789f80000,0x0000000795504dd0,0x0000000799300000)
  to   space 268288K, 0% used [0x00000007a0a80000,0x00000007a0a80000,0x00000007b1080000)
 ParOldGen       total 654336K, used 422829K [0x00000006c0000000, 0x00000006e7f00000, 0x000000076ab00000)
  object space 654336K, 64% used [0x00000006c0000000,0x00000006d9ceb728,0x00000006e7f00000)
 Metaspace       used 6496K, capacity 7288K, committed 7552K, reserved 1056768K
  class space    used 615K, capacity 624K, committed 640K, reserved 1048576K
}

Deoptimization events (10 events):
Event: 31.095 Thread 0x000000001de70800 Uncommon trap: reason=class_check action=maybe_recompile pc=0x00000000036d24fc method=com.android.dx.util.BitIntSet.merge(Lcom/android/dx/util/IntSet;)V @ 1
Event: 31.101 Thread 0x000000001de70800 Uncommon trap: reason=class_check action=maybe_recompile pc=0x00000000036b567c method=com.android.dx.ssa.back.InterferenceGraph.mergeInterferenceSet(ILcom/android/dx/util/IntSet;)V @ 20
Event: 31.101 Thread 0x000000001de70800 Uncommon trap: reason=class_check action=maybe_recompile pc=0x00000000036d24fc method=com.android.dx.util.BitIntSet.merge(Lcom/android/dx/util/IntSet;)V @ 1
Event: 32.697 Thread 0x000000001de73800 Uncommon trap: reason=class_check action=maybe_recompile pc=0x0000000003774874 method=com.android.dx.ssa.SsaConverter.placePhiFunctions(Lcom/android/dx/ssa/SsaMethod;Lcom/android/dx/ssa/LocalVariableInfo;I)V @ 257
Event: 41.930 Thread 0x000000001de73800 Uncommon trap: reason=unstable_if action=reinterpret pc=0x0000000003158070 method=com.android.dx.dex.code.OutputFinisher.hasLocalInfo(Lcom/android/dx/rop/code/RegisterSpec;)Z @ 1
Event: 42.087 Thread 0x000000001de6f800 Uncommon trap: reason=bimorphic action=maybe_recompile pc=0x00000000039c0710 method=com.android.dx.cf.code.BytecodeArray.parseInstruction(ILcom/android/dx/cf/code/BytecodeArray$Visitor;)I @ 1549
Event: 42.087 Thread 0x000000001de6f800 Uncommon trap: reason=bimorphic action=maybe_recompile pc=0x00000000039c0710 method=com.android.dx.cf.code.BytecodeArray.parseInstruction(ILcom/android/dx/cf/code/BytecodeArray$Visitor;)I @ 1549
Event: 45.391 Thread 0x000000001de73800 Uncommon trap: reason=unstable_if action=reinterpret pc=0x000000000309da3c method=com.android.dx.rop.code.LocalItem.compareHandlesNulls(Lcom/android/dx/rop/cst/CstString;Lcom/android/dx/rop/cst/CstString;)I @ 14
Event: 45.391 Thread 0x000000001de73800 Uncommon trap: reason=unstable_if action=reinterpret pc=0x00000000033151a0 method=com.android.dx.rop.code.LocalItem.compareHandlesNulls(Lcom/android/dx/rop/cst/CstString;Lcom/android/dx/rop/cst/CstString;)I @ 14
Event: 46.361 Thread 0x0000000002cc0800 Uncommon trap: reason=unstable_if action=reinterpret pc=0x0000000003af49ac method=com.android.dx.ssa.InterferenceRegisterMapper.areAnyPinned(Lcom/android/dx/rop/code/RegisterSpecList;II)Z @ 68

Internal exceptions (10 events):
Event: 3.282 Thread 0x000000001de72000 Implicit null exception at 0x0000000003145457 to 0x0000000003147049
Event: 4.015 Thread 0x000000001de70800 Exception <a 'java/lang/ArrayIndexOutOfBoundsException': 18> (0x000000076e6dbd00) thrown at [C:\re\workspace\8-2-build-windows-amd64-cygwin\jdk8u45\3627\hotspot\src\share\vm\interpreter\interpreterRuntime.cpp, line 366]
Event: 4.016 Thread 0x000000001de70800 Exception <a 'java/lang/ArrayIndexOutOfBoundsException'> (0x000000076e6dd7d0) thrown at [C:\re\workspace\8-2-build-windows-amd64-cygwin\jdk8u45\3627\hotspot\src\share\vm\runtime\sharedRuntime.cpp, line 605]
Event: 4.017 Thread 0x000000001de70800 Exception <a 'java/lang/ArrayIndexOutOfBoundsException'> (0x000000076e6dea08) thrown at [C:\re\workspace\8-2-build-windows-amd64-cygwin\jdk8u45\3627\hotspot\src\share\vm\runtime\sharedRuntime.cpp, line 605]
Event: 16.843 Thread 0x0000000002cc0800 Implicit null exception at 0x000000000342bacc to 0x000000000342d8c1
Event: 16.854 Thread 0x0000000002cc0800 Implicit null exception at 0x00000000037af606 to 0x00000000037b1e41
Event: 19.521 Thread 0x0000000002cc0800 Implicit null exception at 0x0000000002f8fed3 to 0x0000000002f91b69
Event: 41.930 Thread 0x000000001de73800 Implicit null exception at 0x00000000031575cc to 0x0000000003158055
Event: 45.391 Thread 0x000000001de73800 Implicit null exception at 0x000000000309c968 to 0x000000000309da15
Event: 45.391 Thread 0x000000001de73800 Implicit null exception at 0x0000000003314fcc to 0x000000000331518d

Events (10 events):
Event: 45.541 Thread 0x000000001c4ea800 flushing nmethod 0x00000000036a6e10
Event: 45.595 Thread 0x000000001daf7000 flushing nmethod 0x00000000037411d0
Event: 45.596 Thread 0x000000001daf7000 flushing nmethod 0x00000000037ad590
Event: 45.596 Thread 0x000000001daf7000 flushing nmethod 0x000000000380c710
Event: 45.596 Thread 0x000000001daf7000 flushing nmethod 0x0000000003884250
Event: 45.601 Executing VM operation: ParallelGCFailedAllocation
Event: 46.048 Executing VM operation: ParallelGCFailedAllocation done
Event: 46.361 Thread 0x0000000002cc0800 Uncommon trap: trap_request=0xffffff65 fr.pc=0x0000000003af49ac
Event: 46.361 Thread 0x0000000002cc0800 DEOPT PACKING pc=0x0000000003af49ac sp=0x00000000028fe520
Event: 46.361 Thread 0x0000000002cc0800 DEOPT UNPACKING pc=0x0000000002e0582a sp=0x00000000028fe4a0 mode 2


Dynamic libraries:
0x00007ff74abf0000 - 0x00007ff74ac27000 	C:\Program Files\Java\jdk1.8.0_45\bin\java.exe
0x00007ffcc56d0000 - 0x00007ffcc5876000 	C:\windows\SYSTEM32\ntdll.dll
0x00007ffcc3120000 - 0x00007ffcc325a000 	C:\windows\system32\KERNEL32.DLL
0x00007ffcc2b20000 - 0x00007ffcc2c2f000 	C:\windows\system32\KERNELBASE.dll
0x00007ffcc14e0000 - 0x00007ffcc1568000 	C:\windows\system32\apphelp.dll
0x00007ffcaccb0000 - 0x00007ffcaccff000 	C:\windows\AppPatch\AppPatch64\AcGenral.DLL
0x00007ffcc5620000 - 0x00007ffcc56c7000 	C:\windows\system32\msvcrt.dll
0x00007ffcc2830000 - 0x00007ffcc285b000 	C:\windows\SYSTEM32\SspiCli.dll
0x00007ffcc34a0000 - 0x00007ffcc34f1000 	C:\windows\system32\SHLWAPI.dll
0x00007ffcc37b0000 - 0x00007ffcc3921000 	C:\windows\system32\USER32.dll
0x00007ffcc3260000 - 0x00007ffcc33d8000 	C:\windows\system32\ole32.dll
0x00007ffcc3b00000 - 0x00007ffcc4f0f000 	C:\windows\system32\SHELL32.dll
0x00007ffcc2060000 - 0x00007ffcc207e000 	C:\windows\SYSTEM32\USERENV.dll
0x00007ffcc3500000 - 0x00007ffcc35a5000 	C:\windows\system32\ADVAPI32.dll
0x00007ffcb9c90000 - 0x00007ffcb9cab000 	C:\windows\SYSTEM32\MPR.dll
0x00007ffcc2fc0000 - 0x00007ffcc30f7000 	C:\windows\system32\RPCRT4.dll
0x00007ffcc3750000 - 0x00007ffcc37a7000 	C:\windows\SYSTEM32\sechost.dll
0x00007ffcc5440000 - 0x00007ffcc5616000 	C:\windows\SYSTEM32\combase.dll
0x00007ffcc52e0000 - 0x00007ffcc5424000 	C:\windows\system32\GDI32.dll
0x00007ffcc2a50000 - 0x00007ffcc2a64000 	C:\windows\SYSTEM32\profapi.dll
0x00007ffcc0ea0000 - 0x00007ffcc0f3f000 	C:\windows\SYSTEM32\SHCORE.dll
0x00007ffcc3940000 - 0x00007ffcc3974000 	C:\windows\system32\IMM32.DLL
0x00007ffcc4fc0000 - 0x00007ffcc50f9000 	C:\windows\system32\MSCTF.dll
0x00007ffcc0470000 - 0x00007ffcc06ca000 	C:\windows\WinSxS\amd64_microsoft.windows.common-controls_6595b64144ccf1df_6.0.9600.17031_none_6242a4b3ecbb55a1\COMCTL32.dll
0x000000005b740000 - 0x000000005b812000 	C:\Program Files\Java\jdk1.8.0_45\jre\bin\msvcr100.dll
0x000000005bbc0000 - 0x000000005c443000 	C:\Program Files\Java\jdk1.8.0_45\jre\bin\server\jvm.dll
0x00007ffcba230000 - 0x00007ffcba239000 	C:\windows\SYSTEM32\WSOCK32.dll
0x00007ffcba210000 - 0x00007ffcba22f000 	C:\windows\SYSTEM32\WINMM.dll
0x00007ffcbc500000 - 0x00007ffcbc50a000 	C:\windows\SYSTEM32\VERSION.dll
0x00007ffcc39e0000 - 0x00007ffcc39e7000 	C:\windows\system32\PSAPI.DLL
0x00007ffcc39f0000 - 0x00007ffcc3a48000 	C:\windows\system32\WS2_32.dll
0x00007ffcba1e0000 - 0x00007ffcba20a000 	C:\windows\SYSTEM32\WINMMBASE.dll
0x00007ffcc3930000 - 0x00007ffcc3939000 	C:\windows\system32\NSI.dll
0x00007ffcc2c30000 - 0x00007ffcc2c7a000 	C:\windows\SYSTEM32\cfgmgr32.dll
0x00007ffcc18d0000 - 0x00007ffcc18f6000 	C:\windows\SYSTEM32\DEVOBJ.dll
0x000000005bbb0000 - 0x000000005bbbf000 	C:\Program Files\Java\jdk1.8.0_45\jre\bin\verify.dll
0x000000005bb80000 - 0x000000005bba9000 	C:\Program Files\Java\jdk1.8.0_45\jre\bin\java.dll
0x000000005bb60000 - 0x000000005bb76000 	C:\Program Files\Java\jdk1.8.0_45\jre\bin\zip.dll
0x00007ffcbae20000 - 0x00007ffcbafa8000 	C:\windows\SYSTEM32\dbghelp.dll

VM Arguments:
jvm_args: -Xmx4g -Dfile.encoding=x-windows-949 -Duser.country=KR -Duser.language=ko -Duser.variant 
java_command: com.android.dx.command.Main --dex --num-threads=4 --multi-dex --main-dex-list C:\Users\User\Desktop\backup\WenWoAndroidNew(201\WenWoAndroidNew(2015.11.24)\app\build\intermediates\multi-dex\debug\maindexlist.txt --output C:\Users\User\Desktop\backup\WenWoAndroidNew(201\WenWoAndroidNew(2015.11.24)\app\build\intermediates\dex\debug C:\Users\User\Desktop\backup\WenWoAndroidNew(201\WenWoAndroidNew(2015.11.24)\app\build\intermediates\multi-dex\debug\allclasses.jar
java_class_path (initial): C:\Users\User\AppData\Local\Android\sdk\build-tools\23.0.1\lib\dx.jar
Launcher Type: SUN_STANDARD

Environment Variables:
PATH=C:\Program Files\ImageMagick-6.9.1-Q16;C:\oraclexe\app\oracle\product\11.2.0\server\bin;C:\Program Files (x86)\Wizvera\Delfino;C:\Program Files\Java\jdk1.8.0_45\bin;C:\Program Files (x86)\Skype\Phone\;C:\Program Files (x86)\MySQL\MySQL Fabric 1.5.4 & MySQL Utilities 1.5.4 1.5\;C:\Program Files (x86)\MySQL\MySQL Fabric 1.5.4 & MySQL Utilities 1.5.4 1.5\Doctrine extensions for PHP;C:\Program Files\MySQL\MySQL Server 5.6\bin;C:\Program Files\nodejs\;C:\Program Files\MongoDB\Server\3.0\bin;C:\Program Files\TortoiseSVN\bin;C:\Users\User\AppData\Roaming\npm
USERNAME=User
OS=Windows_NT
PROCESSOR_IDENTIFIER=Intel64 Family 6 Model 69 Stepping 1, GenuineIntel



---------------  S Y S T E M  ---------------

OS: Windows 8.1 , 64 bit Build 9600 (6.3.9600.17056)

CPU:total 4 (2 cores per cpu, 2 threads per core) family 6 model 69 stepping 1, cmov, cx8, fxsr, mmx, sse, sse2, sse3, ssse3, sse4.1, sse4.2, popcnt, avx, avx2, aes, clmul, erms, lzcnt, ht, tsc, tscinvbit, bmi1, bmi2

Memory: 4k page, physical 8302860k(1391080k free), swap 11448592k(4952k free)

vm_info: Java HotSpot(TM) 64-Bit Server VM (25.45-b02) for windows-amd64 JRE (1.8.0_45-b15), built on Apr 30 2015 12:40:44 by "java_re" with MS VC++ 10.0 (VS2010)

time: Fri Dec 18 20:28:21 2015
elapsed time: 47 seconds (0d 0h 0m 47s)

